<?xml version="1.0" encoding="UTF-8"?>
<!-- Generated by org.testng.reporters.JUnitReportReporter -->
<testsuite hostname="DESKTOP-G5O3F3J" name="example.NewTest" tests="1" failures="0" timestamp="3 Feb 2020 19:34:41 GMT" time="3.727" errors="0">
  <testcase name="f" time="3.727" classname="example.NewTest"/>
</testsuite> <!-- example.NewTest -->
